New log file opened at Fri Dec 11 16:21:01 SGT 2015 by 572@MarcLau
Sending msg to client activator-ab1b541e-f1fe-4a64-85b3-4c446103ab33: DetachedLogEvent(LogMessage(debug,sbt server socket logs are in: C:\Users\Marc Lau Eng Huat\Desktop\FYP\playfitness2\.sbtserver\connections\master.log))
Sending msg to client activator-ab1b541e-f1fe-4a64-85b3-4c446103ab33: DetachedLogEvent(LogMessage(debug,sbt general server logs are in: C:\Users\Marc Lau Eng Huat\Desktop\FYP\playfitness2\.sbtserver\master.log))
Sending msg to client activator-ab1b541e-f1fe-4a64-85b3-4c446103ab33: DetachedLogEvent(LogMessage(debug,sbt client logs are in: C:\Users\Marc Lau Eng Huat\Desktop\FYP\playfitness2\.sbtserver\connections\activator-ab1b541e-f1fe-4a64-85b3-4c446103ab33.log))
Reading next message from client.
Got request: ListenToEvents()
Reading next message from client.
Got request: ListenToBuildChange()
Reading next message from client.
Got request: SendSyntheticBuildChanged()
Reading next message from client.
Got request: KeyLookupRequest(discoveredMainClasses)
Reading next message from client.
Got request: KeyLookupRequest(mainClass)
Reading next message from client.
Sending msg to client activator-ab1b541e-f1fe-4a64-85b3-4c446103ab33: DetachedLogEvent(LogMessage(debug,> --initialize))
Sending msg to client activator-ab1b541e-f1fe-4a64-85b3-4c446103ab33: (3,ReceivedResponse())
Sending msg to client activator-ab1b541e-f1fe-4a64-85b3-4c446103ab33: DetachedLogEvent(LogMessage(debug,> initialize))
Sending msg to client activator-ab1b541e-f1fe-4a64-85b3-4c446103ab33: DetachedLogEvent(LogMessage(debug,> onFailure load-failed))
Sending msg to client activator-ab1b541e-f1fe-4a64-85b3-4c446103ab33: DetachedLogEvent(LogMessage(debug,> boot))
Sending msg to client activator-ab1b541e-f1fe-4a64-85b3-4c446103ab33: DetachedLogEvent(LogMessage(debug,> reload))
Sending msg to client activator-ab1b541e-f1fe-4a64-85b3-4c446103ab33: DetachedLogEvent(LogMessage(debug,[Loading] Scanning directory C:\Users\Marc Lau Eng Huat\Desktop\FYP\playfitness2\project))
Sending msg to client activator-ab1b541e-f1fe-4a64-85b3-4c446103ab33: DetachedLogEvent(LogMessage(debug,[Loading] Found non-root projects ))
Sending msg to client activator-ab1b541e-f1fe-4a64-85b3-4c446103ab33: DetachedLogEvent(LogMessage(debug,[Loading] Done in C:\Users\Marc Lau Eng Huat\Desktop\FYP\playfitness2\project, returning: ()))
Sending msg to client activator-ab1b541e-f1fe-4a64-85b3-4c446103ab33: DetachedLogEvent(LogMessage(debug,deducing auto plugins based on known facts Set(Atom(sbt.plugins.CorePlugin)) and clauses Clauses(List(Clause(Atom(sbt.plugins.JvmPlugin),Set(Atom(sbt.plugins.IvyPlugin))), Clause(Atom(sbt.plugins.JUnitXmlReportPlugin),Set(Atom(sbt.plugins.JvmPlugin))), Clause(Atom(sbt.plugins.CorePlugin),Set(Atom(sbt.plugins.IvyPlugin))), Clause(Atom(sbt.plugins.IvyPlugin),Set(Atom(sbt.plugins.JvmPlugin))), Clause(Atom(sbt.plugins.JvmPlugin),Set(Atom(sbt.plugins.JUnitXmlReportPlugin)))))))
Sending msg to client activator-ab1b541e-f1fe-4a64-85b3-4c446103ab33: DetachedLogEvent(LogMessage(debug,  :: deduced result: Matched(sbt.plugins.CorePlugin,sbt.plugins.IvyPlugin,sbt.plugins.JvmPlugin,sbt.plugins.JUnitXmlReportPlugin)))
Sending msg to client activator-ab1b541e-f1fe-4a64-85b3-4c446103ab33: DetachedLogEvent(LogMessage(debug,sorting: ns: List(sbt.plugins.CorePlugin, sbt.plugins.IvyPlugin, sbt.plugins.JvmPlugin, sbt.plugins.JUnitXmlReportPlugin)))
Sending msg to client activator-ab1b541e-f1fe-4a64-85b3-4c446103ab33: DetachedLogEvent(LogMessage(debug,  :: sorting:: found: List(sbt.plugins.CorePlugin) not found List(sbt.plugins.IvyPlugin, sbt.plugins.JvmPlugin, sbt.plugins.JUnitXmlReportPlugin)))
Sending msg to client activator-ab1b541e-f1fe-4a64-85b3-4c446103ab33: DetachedLogEvent(LogMessage(debug,  :: sorting:: found: List(sbt.plugins.CorePlugin, sbt.plugins.IvyPlugin) not found List(sbt.plugins.JvmPlugin, sbt.plugins.JUnitXmlReportPlugin)))
Sending msg to client activator-ab1b541e-f1fe-4a64-85b3-4c446103ab33: DetachedLogEvent(LogMessage(debug,  :: sorting:: found: List(sbt.plugins.CorePlugin, sbt.plugins.IvyPlugin, sbt.plugins.JvmPlugin) not found List(sbt.plugins.JUnitXmlReportPlugin)))
Sending msg to client activator-ab1b541e-f1fe-4a64-85b3-4c446103ab33: DetachedLogEvent(LogMessage(debug,  :: sorting:: found: List(sbt.plugins.CorePlugin, sbt.plugins.IvyPlugin, sbt.plugins.JvmPlugin, sbt.plugins.JUnitXmlReportPlugin) not found List()))
Sending msg to client activator-ab1b541e-f1fe-4a64-85b3-4c446103ab33: DetachedLogEvent(LogMessage(debug,  :: sorted deduced result: List(sbt.plugins.CorePlugin, sbt.plugins.IvyPlugin, sbt.plugins.JvmPlugin, sbt.plugins.JUnitXmlReportPlugin)))
Sending msg to client activator-ab1b541e-f1fe-4a64-85b3-4c446103ab33: DetachedLogEvent(LogMessage(debug,[Loading] Done in C:\Users\Marc Lau Eng Huat\Desktop\FYP\playfitness2\project, returning: (playfitness2-build)))
Sending msg to client activator-ab1b541e-f1fe-4a64-85b3-4c446103ab33: DetachedLogEvent(LogMessage(info,Loading project definition from C:\Users\Marc Lau Eng Huat\Desktop\FYP\playfitness2\project))
Sending msg to client activator-ab1b541e-f1fe-4a64-85b3-4c446103ab33: DetachedLogEvent(LogMessage(debug,Running task... Cancel: sbt.TaskCancellationStrategy$Null$@2ba4a95, check cycles: false))
Sending msg to client activator-ab1b541e-f1fe-4a64-85b3-4c446103ab33: DetachedLogEvent(LogStdOut([info] Updating {file:/C:/Users/Marc%20Lau%20Eng%20Huat/Desktop/FYP/playfitness2/project/}playfitness2-build...))
Sending msg to client activator-ab1b541e-f1fe-4a64-85b3-4c446103ab33: DetachedLogEvent(LogMessage(info,Updating {file:/C:/Users/Marc%20Lau%20Eng%20Huat/Desktop/FYP/playfitness2/project/}playfitness2-build...))
Sending msg to client activator-ab1b541e-f1fe-4a64-85b3-4c446103ab33: DetachedLogEvent(LogMessage(debug,Other repositories:))
Sending msg to client activator-ab1b541e-f1fe-4a64-85b3-4c446103ab33: DetachedLogEvent(LogMessage(debug,Default repositories:))
Sending msg to client activator-ab1b541e-f1fe-4a64-85b3-4c446103ab33: DetachedLogEvent(LogMessage(debug,Using inline dependencies specified in Scala.))
Sending msg to client activator-ab1b541e-f1fe-4a64-85b3-4c446103ab33: DetachedLogEvent(LogMessage(debug,:: resolving dependencies :: default#playfitness2-build;0.1-SNAPSHOT))
Sending msg to client activator-ab1b541e-f1fe-4a64-85b3-4c446103ab33: DetachedLogEvent(LogMessage(debug,	confs: [compile, runtime, test, provided, optional, compile-internal, runtime-internal, test-internal, plugin, sources, docs, pom, scala-tool]))
Sending msg to client activator-ab1b541e-f1fe-4a64-85b3-4c446103ab33: DetachedLogEvent(LogMessage(debug,	validate = true))
Sending msg to client activator-ab1b541e-f1fe-4a64-85b3-4c446103ab33: DetachedLogEvent(LogMessage(debug,	refresh = false))
Sending msg to client activator-ab1b541e-f1fe-4a64-85b3-4c446103ab33: DetachedLogEvent(LogMessage(debug,resolving dependencies for configuration 'compile'))
Sending msg to client activator-ab1b541e-f1fe-4a64-85b3-4c446103ab33: DetachedLogEvent(LogMessage(debug,== resolving dependencies for default#playfitness2-build;0.1-SNAPSHOT [compile]))
Sending msg to client activator-ab1b541e-f1fe-4a64-85b3-4c446103ab33: DetachedLogEvent(LogMessage(debug,== resolving dependencies default#playfitness2-build;0.1-SNAPSHOT->com.typesafe.play#sbt-fork-run-plugin;2.4.4 [compile->default(compile)]))
Sending msg to client activator-ab1b541e-f1fe-4a64-85b3-4c446103ab33: DetachedLogEvent(LogStdOut([info] Resolving com.typesafe.play#sbt-fork-run-plugin;2.4.4 ...))
Sending msg to client activator-ab1b541e-f1fe-4a64-85b3-4c446103ab33: DetachedLogEvent(LogMessage(info,Resolving com.typesafe.play#sbt-fork-run-plugin;2.4.4 ...))
Sending msg to client activator-ab1b541e-f1fe-4a64-85b3-4c446103ab33: DetachedLogEvent(LogMessage(debug,sbt-chain: Checking cache for: dependency: com.typesafe.play#sbt-fork-run-plugin;2.4.4 {compile=[default(compile)]}))
Sending msg to client activator-ab1b541e-f1fe-4a64-85b3-4c446103ab33: DetachedLogEvent(LogStdOut([info] Resolving com.typesafe.play#sbt-fork-run-plugin;2.4.4 ...))
Sending msg to client activator-ab1b541e-f1fe-4a64-85b3-4c446103ab33: DetachedLogEvent(LogMessage(info,Resolving com.typesafe.play#sbt-fork-run-plugin;2.4.4 ...))
Sending msg to client activator-ab1b541e-f1fe-4a64-85b3-4c446103ab33: DetachedLogEvent(LogMessage(debug,sbt-chain-delegate: Checking cache for: dependency: com.typesafe.play#sbt-fork-run-plugin;2.4.4 {compile=[default(compile)]}))
Sending msg to client activator-ab1b541e-f1fe-4a64-85b3-4c446103ab33: DetachedLogEvent(LogMessage(debug,		tried https://repo.typesafe.com/typesafe/ivy-releases/com.typesafe.play/sbt-fork-run-plugin/scala_2.10/sbt_0.13/2.4.4/ivys/ivy.xml))
Sending msg to client activator-ab1b541e-f1fe-4a64-85b3-4c446103ab33: DetachedLogEvent(LogMessage(debug,CLIENT ERROR: Not Found url=https://repo.typesafe.com/typesafe/ivy-releases/com.typesafe.play/sbt-fork-run-plugin/scala_2.10/sbt_0.13/2.4.4/ivys/ivy.xml))
Sending msg to client activator-ab1b541e-f1fe-4a64-85b3-4c446103ab33: DetachedLogEvent(LogMessage(debug,	typesafe-ivy-releases: no ivy file found for com.typesafe.play#sbt-fork-run-plugin;2.4.4))
Sending msg to client activator-ab1b541e-f1fe-4a64-85b3-4c446103ab33: DetachedLogEvent(LogMessage(debug,		tried https://repo.scala-sbt.org/scalasbt/sbt-plugin-releases/com.typesafe.play/sbt-fork-run-plugin/scala_2.10/sbt_0.13/2.4.4/ivys/ivy.xml))
Sending msg to client activator-ab1b541e-f1fe-4a64-85b3-4c446103ab33: DetachedLogEvent(LogMessage(debug,	sbt-plugin-releases: found md file for com.typesafe.play#sbt-fork-run-plugin;2.4.4))
Sending msg to client activator-ab1b541e-f1fe-4a64-85b3-4c446103ab33: DetachedLogEvent(LogMessage(debug,		=> https://repo.scala-sbt.org/scalasbt/sbt-plugin-releases/com.typesafe.play/sbt-fork-run-plugin/scala_2.10/sbt_0.13/2.4.4/ivys/ivy.xml (2.4.4)))
Sending msg to client activator-ab1b541e-f1fe-4a64-85b3-4c446103ab33: DetachedLogEvent(LogMessage(debug,downloading https://repo.scala-sbt.org/scalasbt/sbt-plugin-releases/com.typesafe.play/sbt-fork-run-plugin/scala_2.10/sbt_0.13/2.4.4/ivys/ivy.xml ...))
Sending msg to client activator-ab1b541e-f1fe-4a64-85b3-4c446103ab33: DetachedLogEvent(LogMessage(debug,	sbt-plugin-releases: downloading https://repo.scala-sbt.org/scalasbt/sbt-plugin-releases/com.typesafe.play/sbt-fork-run-plugin/scala_2.10/sbt_0.13/2.4.4/ivys/ivy.xml))
Sending msg to client activator-ab1b541e-f1fe-4a64-85b3-4c446103ab33: DetachedLogEvent(LogMessage(debug,	sbt-plugin-releases: downloading https://repo.scala-sbt.org/scalasbt/sbt-plugin-releases/com.typesafe.play/sbt-fork-run-plugin/scala_2.10/sbt_0.13/2.4.4/ivys/ivy.xml.sha1))
Sending msg to client activator-ab1b541e-f1fe-4a64-85b3-4c446103ab33: DetachedLogEvent(LogMessage(debug,sha1 OK for https://repo.scala-sbt.org/scalasbt/sbt-plugin-releases/com.typesafe.play/sbt-fork-run-plugin/scala_2.10/sbt_0.13/2.4.4/ivys/ivy.xml))
Sending msg to client activator-ab1b541e-f1fe-4a64-85b3-4c446103ab33: DetachedLogEvent(LogMessage(debug,	[SUCCESSFUL ] com.typesafe.play#sbt-fork-run-plugin;2.4.4!ivy.xml(ivy.original) (4285ms)))
Sending msg to client activator-ab1b541e-f1fe-4a64-85b3-4c446103ab33: DetachedLogEvent(LogMessage(debug,	found com.typesafe.play#sbt-fork-run-plugin;2.4.4 in sbt-plugin-releases))
Sending msg to client activator-ab1b541e-f1fe-4a64-85b3-4c446103ab33: DetachedLogEvent(LogMessage(debug,== resolving dependencies com.typesafe.play#sbt-fork-run-plugin;2.4.4->com.typesafe.play#sbt-fork-run-protocol_2.10;2.4.4 [compile->default(compile)]))
Sending msg to client activator-ab1b541e-f1fe-4a64-85b3-4c446103ab33: DetachedLogEvent(LogStdOut([info] Resolving com.typesafe.play#sbt-fork-run-protocol_2.10;2.4.4 ...))
Sending msg to client activator-ab1b541e-f1fe-4a64-85b3-4c446103ab33: DetachedLogEvent(LogMessage(info,Resolving com.typesafe.play#sbt-fork-run-protocol_2.10;2.4.4 ...))
Sending msg to client activator-ab1b541e-f1fe-4a64-85b3-4c446103ab33: DetachedLogEvent(LogMessage(debug,sbt-chain: Checking cache for: dependency: com.typesafe.play#sbt-fork-run-protocol_2.10;2.4.4 {compile=[default(compile)]}))
Sending msg to client activator-ab1b541e-f1fe-4a64-85b3-4c446103ab33: DetachedLogEvent(LogStdOut([info] Resolving com.typesafe.play#sbt-fork-run-protocol_2.10;2.4.4 ...))
Sending msg to client activator-ab1b541e-f1fe-4a64-85b3-4c446103ab33: DetachedLogEvent(LogMessage(info,Resolving com.typesafe.play#sbt-fork-run-protocol_2.10;2.4.4 ...))
Sending msg to client activator-ab1b541e-f1fe-4a64-85b3-4c446103ab33: DetachedLogEvent(LogMessage(debug,sbt-chain-delegate: Checking cache for: dependency: com.typesafe.play#sbt-fork-run-protocol_2.10;2.4.4 {compile=[default(compile)]}))
Sending msg to client activator-ab1b541e-f1fe-4a64-85b3-4c446103ab33: DetachedLogEvent(LogMessage(debug,		tried https://repo.typesafe.com/typesafe/ivy-releases/com.typesafe.play/sbt-fork-run-protocol_2.10/2.4.4/ivys/ivy.xml))
Sending msg to client activator-ab1b541e-f1fe-4a64-85b3-4c446103ab33: DetachedLogEvent(LogMessage(debug,CLIENT ERROR: Not Found url=https://repo.typesafe.com/typesafe/ivy-releases/com.typesafe.play/sbt-fork-run-protocol_2.10/2.4.4/ivys/ivy.xml))
Sending msg to client activator-ab1b541e-f1fe-4a64-85b3-4c446103ab33: DetachedLogEvent(LogMessage(debug,	typesafe-ivy-releases: no ivy file found for com.typesafe.play#sbt-fork-run-protocol_2.10;2.4.4))
Sending msg to client activator-ab1b541e-f1fe-4a64-85b3-4c446103ab33: DetachedLogEvent(LogMessage(debug,		tried https://repo.scala-sbt.org/scalasbt/sbt-plugin-releases/com.typesafe.play/sbt-fork-run-protocol_2.10/2.4.4/ivys/ivy.xml))
Sending msg to client activator-ab1b541e-f1fe-4a64-85b3-4c446103ab33: DetachedLogEvent(LogMessage(debug,CLIENT ERROR: Not Found url=https://repo.scala-sbt.org/scalasbt/sbt-plugin-releases/com.typesafe.play/sbt-fork-run-protocol_2.10/2.4.4/ivys/ivy.xml))
Sending msg to client activator-ab1b541e-f1fe-4a64-85b3-4c446103ab33: DetachedLogEvent(LogMessage(debug,	sbt-plugin-releases: no ivy file found for com.typesafe.play#sbt-fork-run-protocol_2.10;2.4.4))
Sending msg to client activator-ab1b541e-f1fe-4a64-85b3-4c446103ab33: DetachedLogEvent(LogMessage(debug,		tried C:\Users\Marc Lau Eng Huat\.ivy2\local\com.typesafe.play\sbt-fork-run-protocol_2.10\2.4.4\ivys\ivy.xml))
Sending msg to client activator-ab1b541e-f1fe-4a64-85b3-4c446103ab33: DetachedLogEvent(LogMessage(debug,	local: no ivy file found for com.typesafe.play#sbt-fork-run-protocol_2.10;2.4.4))
Sending msg to client activator-ab1b541e-f1fe-4a64-85b3-4c446103ab33: DetachedLogEvent(LogMessage(debug,		tried https://repo1.maven.org/maven2/com/typesafe/play/sbt-fork-run-protocol_2.10/2.4.4/sbt-fork-run-protocol_2.10-2.4.4.pom))
Sending msg to client activator-ab1b541e-f1fe-4a64-85b3-4c446103ab33: DetachedLogEvent(LogMessage(debug,	public: found md file for com.typesafe.play#sbt-fork-run-protocol_2.10;2.4.4))
Sending msg to client activator-ab1b541e-f1fe-4a64-85b3-4c446103ab33: DetachedLogEvent(LogMessage(debug,		=> https://repo1.maven.org/maven2/com/typesafe/play/sbt-fork-run-protocol_2.10/2.4.4/sbt-fork-run-protocol_2.10-2.4.4.pom (2.4.4)))
Sending msg to client activator-ab1b541e-f1fe-4a64-85b3-4c446103ab33: DetachedLogEvent(LogMessage(debug,downloading https://repo1.maven.org/maven2/com/typesafe/play/sbt-fork-run-protocol_2.10/2.4.4/sbt-fork-run-protocol_2.10-2.4.4.pom ...))
Sending msg to client activator-ab1b541e-f1fe-4a64-85b3-4c446103ab33: DetachedLogEvent(LogMessage(debug,	public: downloading https://repo1.maven.org/maven2/com/typesafe/play/sbt-fork-run-protocol_2.10/2.4.4/sbt-fork-run-protocol_2.10-2.4.4.pom))
Sending msg to client activator-ab1b541e-f1fe-4a64-85b3-4c446103ab33: DetachedLogEvent(LogMessage(debug,	public: downloading https://repo1.maven.org/maven2/com/typesafe/play/sbt-fork-run-protocol_2.10/2.4.4/sbt-fork-run-protocol_2.10-2.4.4.pom.sha1))
Sending msg to client activator-ab1b541e-f1fe-4a64-85b3-4c446103ab33: DetachedLogEvent(LogMessage(debug,sha1 OK for https://repo1.maven.org/maven2/com/typesafe/play/sbt-fork-run-protocol_2.10/2.4.4/sbt-fork-run-protocol_2.10-2.4.4.pom))
Sending msg to client activator-ab1b541e-f1fe-4a64-85b3-4c446103ab33: DetachedLogEvent(LogMessage(debug,	[SUCCESSFUL ] com.typesafe.play#sbt-fork-run-protocol_2.10;2.4.4!sbt-fork-run-protocol_2.10.pom(pom.original) (800ms)))
Sending msg to client activator-ab1b541e-f1fe-4a64-85b3-4c446103ab33: DetachedLogEvent(LogMessage(debug,		tried https://repo.typesafe.com/typesafe/ivy-releases/com.typesafe.play/sbt-fork-run-protocol_2.10/2.4.4/jars/sbt-fork-run-protocol_2.10.jar))
Got request: UnlistenToEvents()
Reading next message from client.
Sending msg to client activator-ab1b541e-f1fe-4a64-85b3-4c446103ab33: (8,ReceivedResponse())
Got request: UnlistenToBuildChange()
Reading next message from client.
Client activator-ab1b541e-f1fe-4a64-85b3-4c446103ab33 EOF, shutting down.
Stopping client.
Dropping message (0,ReceivedResponse()) to dead client activator-ab1b541e-f1fe-4a64-85b3-4c446103ab33
Client activator-ab1b541e-f1fe-4a64-85b3-4c446103ab33 thread exiting.
